Arguments: 
  C:\Program Files\nodejs\node.exe C:\Program Files\nodejs\node_modules\yarn\bin\yarn.js add bycryptjs body-parser express http jsonwebtoken moment pagarme react-native-crypto-js

PATH: 
  C:\Windows\system32;C:\Windows;C:\Windows\System32\Wbem;C:\Windows\System32\WindowsPowerShell\v1.0\;C:\Windows\System32\OpenSSH\;C:\Program Files\dotnet\;C:\Program Files\NVIDIA Corporation\NVIDIA NvDLISR;C:\Program Files\Docker\Docker\resources\bin;C:\Program Files\Git\cmd;C:\ProgramData\chocolatey\bin;C:\Users\joaol\AppData\Roaming\nvm;C:\Program Files\nodejs;C:\Users\joaol\AppData\Local\Programs\Python\Python311\Scripts\;C:\Users\joaol\AppData\Local\Programs\Python\Python311\;C:\Users\joaol\AppData\Local\Microsoft\WindowsApps;C:\Program Files\JetBrains\PyCharm 2022.3\bin;C:\Users\joaol\AppData\Local\Programs\Microsoft VS Code\bin;C:\Program Files\JetBrains\WebStorm 2022.3\bin;C:\Users\joaol\AppData\Roaming\npm

Yarn version: 
  1.22.19

Node version: 
  14.21.1

Platform: 
  win32 x64

Trace: 
  Error: https://registry.yarnpkg.com/bycryptjs: Not found
      at Request.params.callback [as _callback] (C:\Users\joaol\AppData\Roaming\nvm\v14.21.1\node_modules\yarn\lib\cli.js:66145:18)
      at Request.self.callback (C:\Users\joaol\AppData\Roaming\nvm\v14.21.1\node_modules\yarn\lib\cli.js:140890:22)
      at Request.emit (events.js:400:28)
      at Request.<anonymous> (C:\Users\joaol\AppData\Roaming\nvm\v14.21.1\node_modules\yarn\lib\cli.js:141862:10)
      at Request.emit (events.js:400:28)
      at IncomingMessage.<anonymous> (C:\Users\joaol\AppData\Roaming\nvm\v14.21.1\node_modules\yarn\lib\cli.js:141784:12)
      at Object.onceWrapper (events.js:519:28)
      at IncomingMessage.emit (events.js:412:35)
      at endReadableNT (internal/streams/readable.js:1333:12)
      at processTicksAndRejections (internal/process/task_queues.js:82:21)

npm manifest: 
  {
    "name": "node-pagar-me",
    "version": "1.0.0",
    "description": "back end to integrate with node payment gateway",
    "main": "server.js",
    "repository": "git@github.com:jaolima/node-pagar-me.git",
    "author": "Joao Fonseca <joaolimafonseca2@gmail.com>",
    "license": "MIT"
  }

yarn manifest: 
  No manifest

Lockfile: 
  # THIS IS AN AUTOGENERATED FILE. DO NOT EDIT THIS FILE DIRECTLY.
  # yarn lockfile v1
